Watching for file changes with StatReloader
"GET / HTTP/1.1" 200 1061
Not Found: /favicon.ico
"GET /favicon.ico HTTP/1.1" 404 2366
summarize result received: A cheerful blonde-haired girl frolics exuberantly through a radiant flower garden teeming with butterflies and the melodious symphony of birds. The warmth of the sun illuminates her face, accentuating her laughter and joyful spirit.
summarize result received: ['Close-up of cheerful blonde-haired girl', 'Girl frolics through radiant flower garden filled with butterflies', 'Birds sing melodiously in the background', "Sunlight illuminates girl's face, accentuating her laughter and joyful spirit"]
extract visual kw result received: ['Close-up shot', 'cheerful expression', 'blonde hair', "girl's face"]
analyze result received: positive
extract visual kw result received: ['Garden (radiant flowers)', 'Girl', 'Butterflies', "Girl's Movement (frolics)", 'Light (Radiant)']
analyze result received: positive
extract visual kw result received: ['Characters: None (Only environmental elements are mentioned)\nPhysical Settings: Birds', 'Melodious singing (implies presence of birds)', "Background\nLighting: Natural light (implied by the fact that it's daytime and birds are singing)\nCharacters' Appearance: Not specified\nActions: Birds singing"]
analyze result received: positive
extract visual kw result received: ['Face of the girl', 'sunlight', 'laughter (expression)', 'joyful spirit (emotion depicted in expression)', 'light source (sun)']
analyze result received: positive
"POST / HTTP/1.1" 200 3328
Watching for file changes with StatReloader
"GET / HTTP/1.1" 200 1061
Not Found: /favicon.ico
"GET /favicon.ico HTTP/1.1" 404 2366
summarize result received: Error: 500 Server Error: Internal Server Error for url: http://localhost:11434/api/generate
summarize result received: []
"POST / HTTP/1.1" 200 1319
D:\RPG_8\Dars\Project\Code\storyboard\utils.py changed, reloading.
Watching for file changes with StatReloader
summarize result received: Error: 500 Server Error: Internal Server Error for url: http://localhost:11434/api/generate
summarize result received: []
"POST / HTTP/1.1" 200 1319
"GET / HTTP/1.1" 200 1061
summarize result received: Error: 500 Server Error: Internal Server Error for url: http://localhost:11434/api/generate
summarize result received: []
"POST / HTTP/1.1" 200 1319
D:\RPG_8\Dars\Project\Code\storyboard\utils.py changed, reloading.
Watching for file changes with StatReloader
"GET / HTTP/1.1" 200 1061
summarize result received: Error: 404 Client Error: Not Found for url: http://localhost:11434/api/generate
summarize result received: []
"POST / HTTP/1.1" 200 1319
D:\RPG_8\Dars\Project\Code\storyboard\utils.py changed, reloading.
Watching for file changes with StatReloader
summarize result received: Error: 500 Server Error: Internal Server Error for url: http://localhost:11434/api/generate
summarize result received: []
"POST / HTTP/1.1" 200 1319
Watching for file changes with StatReloader
summarize result received: A girl runs through a garden with blonde hair, surrounded by colorful flowers, butterflies, sunshine, and birds chirping. She laughs and enjoys herself before entering her house and looking out the window in a calm manner.
summarize result received: ['Girl running through garden', 'Blonde hair, surrounded by colorful flowers, butterflies, sunshine, and birds chirping', 'Laughing and enjoying herself', 'Entering her house', 'Looking out window in calm manner']
extract visual kw result received: ['girl', 'running', 'garden']
analyze result received: neutral
extract visual kw result received: ['Blonde hair', 'colorful flowers', 'butterflies', 'sunshine', 'birds chirping']
analyze result received: positive
extract visual kw result received: ['Smiling face', 'happy eyes', 'relaxed body posture', 'outdoor setting with bright sunlight', 'children playing in the background.']
analyze result received: positive
extract visual kw result received: ["1. Exterior of the house\n2. Interior of the house\n3. Character's appearance (clothing", 'hairstyle', 'etc.)\n4. Emotions of the character (e.g.', 'excited', 'nervous']
analyze result received: neutral
extract visual kw result received: ['There are no visual elements mentioned in the given scene description. Please provide more details or a different scene description for me to extract the key visual elements.']
analyze result received: neutral
"POST / HTTP/1.1" 200 3836
Not Found: /storyboard/storyboard_6296534182462972189.png
"GET /storyboard/storyboard_6296534182462972189.png HTTP/1.1" 404 2468
Not Found: /storyboard/storyboard_2433634877306827675.png
"GET /storyboard/storyboard_2433634877306827675.png HTTP/1.1" 404 2468
Not Found: /storyboard/storyboard_4928426677560779488.png
"GET /storyboard/storyboard_4928426677560779488.png HTTP/1.1" 404 2468
Not Found: /storyboard/storyboard_5694748130794978137.png
"GET /storyboard/storyboard_5694748130794978137.png HTTP/1.1" 404 2468
Not Found: /storyboard/storyboard_2471213783193739153.png
"GET /storyboard/storyboard_2471213783193739153.png HTTP/1.1" 404 2468
D:\RPG_8\Dars\Project\Code\storyboard\utils.py changed, reloading.
Watching for file changes with StatReloader
Watching for file changes with StatReloader
summarize result received: A girl runs through a garden filled with colorful flowers and butterflies, laughing as the sun shines on her face and birds chirp in the trees. She then enters her house and looks out the window.
summarize result received: ['A girl runs through a garden filled with colorful flowers and butterflies, laughing as the sun shines on her face and birds chirp in the trees.', 'The girl enters her house.', 'The girl looks out the window.']
extract visual kw result received: ['1. Garden\n2. Colorful flowers\n3. Butterflies\n4. Sunlight\n5. Girl\n6. Laughter\n7. Birds chirping\n8. Trees']
analyze result received: positive
extract visual kw result received: ["The girl's appearance", 'the door of the house', 'the interior of the house', 'the lighting inside the house.']
analyze result received: neutral
extract visual kw result received: ['1. Girl\n2. Window\n3. Scenery outside']
analyze result received: neutral
"POST / HTTP/1.1" 200 454905
D:\RPG_8\Dars\Project\Code\storyboard\utils.py changed, reloading.
Watching for file changes with StatReloader
Watching for file changes with StatReloader
"GET / HTTP/1.1" 200 2241
summarize result received: In the scene, a girl runs through a garden, surrounded by colorful flowers, butterflies, sunshine, and birds chirping. She laughs and enjoys herself, later looking out of her window in quiet contemplation.
summarize result received: ['Girl running through a garden with vibrant surroundings.', 'Birds chirping while the girl runs.', 'Girl laughing and enjoying her surroundings.', 'Birds chirping again while she runs.', 'Girl looking out of her window in contemplation.']
extract visual kw result received: ['1. Girl\n2. Garden\n3. Vibrant surroundings']
analyze result received: positive
extract visual kw result received: ['* Girl running\n* Birds flying overhead\n* Green grass and trees in the background\n* Sunlight filtering through the branches\n* Blue sky visible in the distance']
analyze result received: positive
extract visual kw result received: ["Girl's expression (laughing)", 'Surroundings (context)']
analyze result received: positive
extract visual kw result received: ['- birds\n- chirping\n- running']
analyze result received: positive
extract visual kw result received: ['girl', 'window', 'contemplation']
analyze result received: neutral
"POST / HTTP/1.1" 200 734983
Watching for file changes with StatReloader
"GET / HTTP/1.1" 200 2065
summarize result received: The girl runs through a lively garden with laughter, enjoying the warmth of the sun and the sounds of birds. She then enters her home to gaze quietly out of the window.
summarize result received: ['The girl running through a lively garden with laughter.', 'The girl entering her home.', 'The girl gazing quietly out of the window.']
extract visual kw result received: ['1. Lively garden setting\n2. Running girl\n3. Laughter']
analyze result received: positive
extract visual kw result received: ['"Girl', 'Home', 'Door', 'Key', 'Emotion (happy/anxious)']
analyze result received: neutral
extract visual kw result received: ['"girl', 'window', 'gaze"']
analyze result received: neutral
"POST / HTTP/1.1" 200 4040
Watching for file changes with StatReloader
"GET / HTTP/1.1" 200 2065
summarize result received: The girl runs joyfully through a garden, laughing and enjoying the sunshine and chirping birds. She then enters her house and quietly looks out the window.
summarize result received: ['Girl running joyfully in a garden with laughing and chirping birds.', 'Girl entering her house.', 'Girl looking quietly out the window.']
extract visual kw result received: ['girl', 'garden', 'trees', 'flowers', 'grass']
analyze result received: positive
Error in image generation: 402 Client Error: Payment Required for url: https://router.huggingface.co/hf-inference/models/black-forest-labs/FLUX.1-dev
extract visual kw result received: ['1. Girl\n2. House entrance\n3. Key\n4. Door\n5. Interior of the house\n6. Lighting']
analyze result received: neutral
Error in image generation: 402 Client Error: Payment Required for url: https://router.huggingface.co/hf-inference/models/black-forest-labs/FLUX.1-dev
Watching for file changes with StatReloader
"GET / HTTP/1.1" 200 2065
summarize result received: A girl runs joyfully through a garden filled with colorful flowers, butterflies, and birds. She laughs as the sun shines on her face. Later, she looks out her window and is still in awe of the beautiful day.
summarize result received: ['A girl runs joyfully through a garden filled with colorful flowers, butterflies, and birds. She laughs as the sun shines on her face.', 'The girl looks out her window and is still in awe of the beautiful day.']
extract visual kw result received: ['girl', 'garden', 'colorful flowers', 'butterflies', 'birds']
analyze result received: positive
Error in image generation: 402 Client Error: Payment Required for url: https://router.huggingface.co/hf-inference/models/stabilityai/stable-diffusion-xl-base-1.0
extract visual kw result received: ['lighting', 'window', 'girl']
analyze result received: positive
Error in image generation: 402 Client Error: Payment Required for url: https://router.huggingface.co/hf-inference/models/stabilityai/stable-diffusion-xl-base-1.0
"POST / HTTP/1.1" 200 3606
Watching for file changes with StatReloader
Internal Server Error: /
Traceback (most recent call last):
  File "D:\Program Files\Python312\Lib\site-packages\django\urls\base.py", line 71, in reverse
    extra, resolver = resolver.namespace_dict[ns]
                      ~~~~~~~~~~~~~~~~~~~~~~~^^^^
KeyError: 'storyboard'

During handling of the above exception, another exception occurred:

Traceback (most recent call last):
  File "D:\Program Files\Python312\Lib\site-packages\django\core\handlers\exception.py", line 55, in inner
    response = get_response(request)
               ^^^^^^^^^^^^^^^^^^^^^
  File "D:\Program Files\Python312\Lib\site-packages\django\core\handlers\base.py", line 197, in _get_response
    response = wrapped_callback(request, *callback_args, **callback_kwargs)
               ^^^^^^^^^^^^^^^^^^^^^^^^^^^^^^^^^^^^^^^^^^^^^^^^^^^^^^^^^^^^
  File "D:\RPG_8\Dars\Project\Code\storyboard\views.py", line 42, in index
    return render(request, 'storyboard/index.html', {
           ^^^^^^^^^^^^^^^^^^^^^^^^^^^^^^^^^^^^^^^^^^
  File "D:\Program Files\Python312\Lib\site-packages\django\shortcuts.py", line 25, in render
    content = loader.render_to_string(template_name, context, request, using=using)
              ^^^^^^^^^^^^^^^^^^^^^^^^^^^^^^^^^^^^^^^^^^^^^^^^^^^^^^^^^^^^^^^^^^^^^
  File "D:\Program Files\Python312\Lib\site-packages\django\template\loader.py", line 62, in render_to_string
    return template.render(context, request)
           ^^^^^^^^^^^^^^^^^^^^^^^^^^^^^^^^^
  File "D:\Program Files\Python312\Lib\site-packages\django\template\backends\django.py", line 107, in render
    return self.template.render(context)
           ^^^^^^^^^^^^^^^^^^^^^^^^^^^^^
  File "D:\Program Files\Python312\Lib\site-packages\django\template\base.py", line 171, in render
    return self._render(context)
           ^^^^^^^^^^^^^^^^^^^^^
  File "D:\Program Files\Python312\Lib\site-packages\django\template\base.py", line 163, in _render
    return self.nodelist.render(context)
           ^^^^^^^^^^^^^^^^^^^^^^^^^^^^^
  File "D:\Program Files\Python312\Lib\site-packages\django\template\base.py", line 1008, in render
    return SafeString("".join([node.render_annotated(context) for node in self]))
                               ^^^^^^^^^^^^^^^^^^^^^^^^^^^^^^
  File "D:\Program Files\Python312\Lib\site-packages\django\template\base.py", line 969, in render_annotated
    return self.render(context)
           ^^^^^^^^^^^^^^^^^^^^
  File "D:\Program Files\Python312\Lib\site-packages\django\template\loader_tags.py", line 159, in render
    return compiled_parent._render(context)
           ^^^^^^^^^^^^^^^^^^^^^^^^^^^^^^^^
  File "D:\Program Files\Python312\Lib\site-packages\django\template\base.py", line 163, in _render
    return self.nodelist.render(context)
           ^^^^^^^^^^^^^^^^^^^^^^^^^^^^^
  File "D:\Program Files\Python312\Lib\site-packages\django\template\base.py", line 1008, in render
    return SafeString("".join([node.render_annotated(context) for node in self]))
                               ^^^^^^^^^^^^^^^^^^^^^^^^^^^^^^
  File "D:\Program Files\Python312\Lib\site-packages\django\template\base.py", line 969, in render_annotated
    return self.render(context)
           ^^^^^^^^^^^^^^^^^^^^
  File "D:\Program Files\Python312\Lib\site-packages\django\template\defaulttags.py", line 480, in render
    url = reverse(view_name, args=args, kwargs=kwargs, current_app=current_app)
          ^^^^^^^^^^^^^^^^^^^^^^^^^^^^^^^^^^^^^^^^^^^^^^^^^^^^^^^^^^^^^^^^^^^^^
  File "D:\Program Files\Python312\Lib\site-packages\django\urls\base.py", line 82, in reverse
    raise NoReverseMatch("%s is not a registered namespace" % key)
django.urls.exceptions.NoReverseMatch: 'storyboard' is not a registered namespace
"GET / HTTP/1.1" 500 140691
Not Found: /favicon.ico
"GET /favicon.ico HTTP/1.1" 404 2517
D:\RPG_8\Dars\Project\Code\project\urls.py changed, reloading.
Watching for file changes with StatReloader
Watching for file changes with StatReloader
"GET / HTTP/1.1" 200 2758
summarize result received: In the scene, a happy girl with blonde hair is playingfully running through a lively garden brimming with diverse flowers and fluttering butterflies. The sun illuminates her face as she giggles, and bird chirps can be heard from nearby trees.
summarize result received: ['Blonde girl runs through a garden full of flowers and butterflies.', 'Sun illuminates her face while she giggles.', 'Birds chirp in the distance.']
extract visual kw result received: ['blonde girl', 'garden', 'flowers', 'butterflies', 'running']
analyze result received: positive
Error in image generation: 402 Client Error: Payment Required for url: https://router.huggingface.co/hf-inference/models/black-forest-labs/FLUX.1-dev
extract visual kw result received: ['Sunlight', "woman's face", 'laughter.']
analyze result received: positive
Error in image generation: 402 Client Error: Payment Required for url: https://router.huggingface.co/hf-inference/models/black-forest-labs/FLUX.1-dev
extract visual kw result received: ['Birds', 'Chirping', 'Distance']
analyze result received: positive
Error in image generation: 402 Client Error: Payment Required for url: https://router.huggingface.co/hf-inference/models/black-forest-labs/FLUX.1-dev
Internal Server Error: /
Traceback (most recent call last):
  File "D:\Program Files\Python312\Lib\site-packages\django\db\backends\utils.py", line 105, in _execute
    return self.cursor.execute(sql, params)
           ^^^^^^^^^^^^^^^^^^^^^^^^^^^^^^^^
  File "D:\Program Files\Python312\Lib\site-packages\django\db\backends\sqlite3\base.py", line 354, in execute
    return super().execute(query, params)
           ^^^^^^^^^^^^^^^^^^^^^^^^^^^^^^
sqlite3.OperationalError: no such table: history_storyboardhistory

The above exception was the direct cause of the following exception:

Traceback (most recent call last):
  File "D:\Program Files\Python312\Lib\site-packages\django\core\handlers\exception.py", line 55, in inner
    response = get_response(request)
               ^^^^^^^^^^^^^^^^^^^^^
  File "D:\Program Files\Python312\Lib\site-packages\django\core\handlers\base.py", line 197, in _get_response
    response = wrapped_callback(request, *callback_args, **callback_kwargs)
               ^^^^^^^^^^^^^^^^^^^^^^^^^^^^^^^^^^^^^^^^^^^^^^^^^^^^^^^^^^^^
  File "D:\RPG_8\Dars\Project\Code\storyboard\views.py", line 34, in index
    StoryboardHistory.objects.create(
  File "D:\Program Files\Python312\Lib\site-packages\django\db\models\manager.py", line 87, in manager_method
    return getattr(self.get_queryset(), name)(*args, **kwargs)
           ^^^^^^^^^^^^^^^^^^^^^^^^^^^^^^^^^^^^^^^^^^^^^^^^^^^
  File "D:\Program Files\Python312\Lib\site-packages\django\db\models\query.py", line 679, in create
    obj.save(force_insert=True, using=self.db)
  File "D:\Program Files\Python312\Lib\site-packages\django\db\models\base.py", line 891, in save
    self.save_base(
  File "D:\Program Files\Python312\Lib\site-packages\django\db\models\base.py", line 997, in save_base
    updated = self._save_table(
              ^^^^^^^^^^^^^^^^^
  File "D:\Program Files\Python312\Lib\site-packages\django\db\models\base.py", line 1160, in _save_table
    results = self._do_insert(
              ^^^^^^^^^^^^^^^^
  File "D:\Program Files\Python312\Lib\site-packages\django\db\models\base.py", line 1201, in _do_insert
    return manager._insert(
           ^^^^^^^^^^^^^^^^
  File "D:\Program Files\Python312\Lib\site-packages\django\db\models\manager.py", line 87, in manager_method
    return getattr(self.get_queryset(), name)(*args, **kwargs)
           ^^^^^^^^^^^^^^^^^^^^^^^^^^^^^^^^^^^^^^^^^^^^^^^^^^^
  File "D:\Program Files\Python312\Lib\site-packages\django\db\models\query.py", line 1847, in _insert
    return query.get_compiler(using=using).execute_sql(returning_fields)
           ^^^^^^^^^^^^^^^^^^^^^^^^^^^^^^^^^^^^^^^^^^^^^^^^^^^^^^^^^^^^^
  File "D:\Program Files\Python312\Lib\site-packages\django\db\models\sql\compiler.py", line 1836, in execute_sql
    cursor.execute(sql, params)
  File "D:\Program Files\Python312\Lib\site-packages\django\db\backends\utils.py", line 122, in execute
    return super().execute(sql, params)
           ^^^^^^^^^^^^^^^^^^^^^^^^^^^^
  File "D:\Program Files\Python312\Lib\site-packages\django\db\backends\utils.py", line 79, in execute
    return self._execute_with_wrappers(
           ^^^^^^^^^^^^^^^^^^^^^^^^^^^^
  File "D:\Program Files\Python312\Lib\site-packages\django\db\backends\utils.py", line 92, in _execute_with_wrappers
    return executor(sql, params, many, context)
           ^^^^^^^^^^^^^^^^^^^^^^^^^^^^^^^^^^^^
  File "D:\Program Files\Python312\Lib\site-packages\django\db\backends\utils.py", line 100, in _execute
    with self.db.wrap_database_errors:
         ^^^^^^^^^^^^^^^^^^^^^^^^^^^^
  File "D:\Program Files\Python312\Lib\site-packages\django\db\utils.py", line 91, in __exit__
    raise dj_exc_value.with_traceback(traceback) from exc_value
  File "D:\Program Files\Python312\Lib\site-packages\django\db\backends\utils.py", line 105, in _execute
    return self.cursor.execute(sql, params)
           ^^^^^^^^^^^^^^^^^^^^^^^^^^^^^^^^
  File "D:\Program Files\Python312\Lib\site-packages\django\db\backends\sqlite3\base.py", line 354, in execute
    return super().execute(query, params)
           ^^^^^^^^^^^^^^^^^^^^^^^^^^^^^^
django.db.utils.OperationalError: no such table: history_storyboardhistory
"POST / HTTP/1.1" 500 176886
Watching for file changes with StatReloader
Watching for file changes with StatReloader
"GET / HTTP/1.1" 200 2758
Not Found: /favicon.ico
"GET /favicon.ico HTTP/1.1" 404 2607
summarize result received: In the scene, we see a girl with blonde hair happily running through a bright garden full of flowers, butterflies, and singing birds. The warmth of the sun adds to her joy as she laughs and enjoys the beauty around her.
summarize result received: ['A girl with blonde hair runs through a garden full of flowers, butterflies, and singing birds.', 'She is surrounded by bright colors and greenery, indicating a sunny day.', 'The warm sun shines down on her from above, emphasizing the joy in her expression as she laughs.']
extract visual kw result received: ['girl with blonde hair', 'garden', 'flowers', 'butterflies', 'singing birds']
analyze result received: positive
Error in image generation: 402 Client Error: Payment Required for url: https://router.huggingface.co/hf-inference/models/black-forest-labs/FLUX.1-dev
extract visual kw result received: ['1. Bright colors\n2. Greenery\n3. Sunny day']
analyze result received: positive
Error in image generation: 402 Client Error: Payment Required for url: https://router.huggingface.co/hf-inference/models/black-forest-labs/FLUX.1-dev
extract visual kw result received: ['1. Warm sun shining\n2. Joy in her expression\n3. Laughter']
analyze result received: positive
Error in image generation: 402 Client Error: Payment Required for url: https://router.huggingface.co/hf-inference/models/black-forest-labs/FLUX.1-dev
"POST / HTTP/1.1" 200 4757
D:\RPG_8\Dars\Project\Code\storyboard\utils.py changed, reloading.
Watching for file changes with StatReloader
Watching for file changes with StatReloader
"GET / HTTP/1.1" 200 2758
Not Found: /favicon.ico
"GET /favicon.ico HTTP/1.1" 404 2607
summarize result received: In the scene, a happy girl with blonde hair is running and laughing in a lively garden surrounded by bright flowers, fluttering butterflies, and singing birds. The warm sun enhances her joy as she enjoys the beauty of nature.
summarize result received: ['Girl running and laughing in a lively garden with bright flowers and singing birds.', 'Fluttering butterflies fly around the garden.']
extract visual kw result received: ['girl', 'running', 'laughter', 'garden', 'flowers']
analyze result received: positive
Error in image generation: 504 Server Error: Gateway Time-out for url: https://router.huggingface.co/hf-inference/models/black-forest-labs/FLUX.1-dev
extract visual kw result received: ['butterflies', 'garden']
analyze result received: positive
Error in image generation: 504 Server Error: Gateway Time-out for url: https://router.huggingface.co/hf-inference/models/black-forest-labs/FLUX.1-dev
"POST / HTTP/1.1" 200 4089
Watching for file changes with StatReloader
"GET / HTTP/1.1" 200 2758
Not Found: /favicon.ico
"GET /favicon.ico HTTP/1.1" 404 2607
summarize result received: A happy blonde girl runs through a bright garden, surrounded by flowers, butterflies, and singing birds, while she laughs and enjoys the sunshine on her face.
summarize result received: ['Happy blonde girl running in a bright garden', 'Surrounded by flowers, butterflies, and singing birds', 'Laughing and enjoying the sunshine on her face']
extract visual kw result received: ['1. Blonde girl\n2. Running\n3. Garden\n4. Brightness']
analyze result received: positive
Error in image generation: 504 Server Error: Gateway Time-out for url: https://router.huggingface.co/hf-inference/models/stabilityai/stable-diffusion-xl-base-1.0
extract visual kw result received: ['surrounded by flowers', 'butterflies', 'and singing birds']
analyze result received: positive
Watching for file changes with StatReloader
summarize result received: The scene depicts a girl happily running through a bright garden full of blooming flowers, butterflies, and singing birds. The sun shines on her face, causing her to laugh with joy.
"GET / HTTP/1.1" 200 2758
summarize result received: ['Girl running through a garden full of blooming flowers, butterflies, and singing birds.', 'Sun shining on her face, causing her to laugh with joy.']
extract visual kw result received: ['girl', 'garden', 'flowers', 'butterflies', 'singing birds']
analyze result received: positive
Image received as raw content
extract visual kw result received: ["- Sun shining down on the character's face\n- Character laughing with joy"]
analyze result received: positive
summarize result received: In the scene, we see a happy girl with blonde hair playing in a vivid garden full of blooming flowers, fluttering butterflies, and singing birds. She is delighted by the warmth of the sun on her face as she runs and laughs freely.
Image received as raw content
- Broken pipe from ('127.0.0.1', 57368)
summarize result received: ['A happy girl with blonde hair playing in a vibrant garden full of blooming flowers, fluttering butterflies, and singing birds. She is enjoying the warmth of the sun on her face as she runs and laughs freely.']
extract visual kw result received: ['Girl', 'blonde hair', 'garden', 'flowers', 'butterflies']
analyze result received: positive
Error in image generation: 504 Server Error: Gateway Time-out for url: https://router.huggingface.co/hf-inference/models/stabilityai/stable-diffusion-xl-base-1.0
"POST / HTTP/1.1" 200 3726
Watching for file changes with StatReloader
"GET / HTTP/1.1" 200 2758
summarize result received: In the scene, a girl with blonde hair is happily running through a bright garden full of flowers, butterflies, and singing birds. The sun warms her face as she laughs, enjoying the beauty and joy of nature surrounding her.
summarize result received: ['A girl with blonde hair is running through a bright garden.', 'She runs past a flower garden filled with colorful flowers.', 'Butterflies fly around her as she runs.', 'Birds sing in the background while she runs.', 'The sun warms her face as she laughs and enjoys the beauty of nature surrounding her.']
extract visual kw result received: ['"girl with blonde hair', 'bright garden"']
analyze result received: positive
Image received as raw content
extract visual kw result received: ['Flower garden', 'running']
analyze result received: positive
Image received as raw content
extract visual kw result received: ['* Butterflies\n* Running woman']
analyze result received: positive
Image received as raw content
extract visual kw result received: ['background', 'birds singing', 'running']
analyze result received: positive
Error in image generation: 504 Server Error: Gateway Time-out for url: https://router.huggingface.co/hf-inference/models/black-forest-labs/FLUX.1-dev
extract visual kw result received: ['sun', 'warmth', 'face', 'laughter', 'beauty']
analyze result received: positive
Error in image generation: 502 Server Error: Bad Gateway for url: https://router.huggingface.co/hf-inference/models/black-forest-labs/FLUX.1-dev
"POST / HTTP/1.1" 200 537753
Watching for file changes with StatReloader
D:\RPG_8\Dars\Project\Code\storyboard\views.py changed, reloading.
Watching for file changes with StatReloader
"GET / HTTP/1.1" 200 2758
Not Found: /favicon.ico
"GET /favicon.ico HTTP/1.1" 404 2607
Watching for file changes with StatReloader
"GET / HTTP/1.1" 200 2758
Error generating text: 404 Client Error: Not Found for url: https://router.huggingface.co/hf-inference/models/mistralai/Mistral-7B-Instruct-v0.2:featherless-ai
summarize result received: Error: 404 Client Error: Not Found for url: https://router.huggingface.co/hf-inference/models/mistralai/Mistral-7B-Instruct-v0.2:featherless-ai
Error generating text: 404 Client Error: Not Found for url: https://router.huggingface.co/hf-inference/models/mistralai/Mistral-7B-Instruct-v0.2:featherless-ai
summarize result received: []
"POST / HTTP/1.1" 200 3352
"GET / HTTP/1.1" 200 2758
- Broken pipe from ('127.0.0.1', 60061)
D:\RPG_8\Dars\Project\Code\storyboard\utils.py changed, reloading.
Watching for file changes with StatReloader
D:\RPG_8\Dars\Project\Code\storyboard\utils.py changed, reloading.
Watching for file changes with StatReloader
Watching for file changes with StatReloader
"GET / HTTP/1.1" 200 2758
Error generating text: 404 Client Error: Not Found for url: https://router.huggingface.co/hf-inference/models/mistralai/Mistral-7B-Instruct-v0.2
summarize result received: Error: 404 Client Error: Not Found for url: https://router.huggingface.co/hf-inference/models/mistralai/Mistral-7B-Instruct-v0.2
Error generating text: 404 Client Error: Not Found for url: https://router.huggingface.co/hf-inference/models/mistralai/Mistral-7B-Instruct-v0.2
summarize result received: []
"POST / HTTP/1.1" 200 3352
D:\RPG_8\Dars\Project\Code\storyboard\utils.py changed, reloading.
Watching for file changes with StatReloader
"GET / HTTP/1.1" 200 2758
Error generating text: 404 Client Error: Not Found for url: https://api-inference.huggingface.co/models/mistralai/Mistral-7B-Instruct-v0.2
summarize result received: Error: 404 Client Error: Not Found for url: https://api-inference.huggingface.co/models/mistralai/Mistral-7B-Instruct-v0.2
Error generating text: 404 Client Error: Not Found for url: https://api-inference.huggingface.co/models/mistralai/Mistral-7B-Instruct-v0.2
summarize result received: []
"POST / HTTP/1.1" 200 3352
Watching for file changes with StatReloader
"GET / HTTP/1.1" 200 2758
summarize result received: Amidst a tranquil rainstorm, Lila strolled through the city, drawn to a quaint bookstore. Inside, she was greeted by the comforting scents of paper and coffee. Delving into the novels, Lila stumbled upon an intriguing old book. The arrival of a kind-faced stranger disrupted the stillness, leaving them momentarily speechless. Outside, raindrops danced on the pavement, creating a serene atmosphere.
summarize result received: ['Lila walking in the rain-soaked city towards a quaint bookstore', 'Lila entering the bookstore, surrounded by comforting scents of paper and coffee', 'Lila browsing through novels in the bookstore', 'Lila discovering an intriguing old book', 'Arrival of a kind-faced stranger, disrupting the stillness', 'Lila and the stranger momentarily speechless', 'Raindrops dancing on the pavement outside the bookstore.']
extract visual kw result received: ['Lila', 'rain-soaked city', 'umbrella (optional)', 'quaint bookstore', 'puddles']
analyze result received: the given sentence has a positive sentiment. the description of lila walking towards a quaint bookstore in a rain-soaked city creates an imagery that is often associated with a peaceful, cozy, and romantic atmosphere.
Image received as raw content
extract visual kw result received: ['* Lila entering bookstore\n* Comforting scents of paper and coffee\n* Interior of bookstore (shelves filled with books', "warm lighting)\n* Lila's expression as she takes in the surroundings."]
analyze result received: positive
Image received as raw content
extract visual kw result received: ['* Lila (appearance: dressed', 'standing', 'looking at books)\n* Bookstore interior (shelves filled with books', 'warm lighting', 'customers browsing)\n* Books (variety of titles']
analyze result received: neutral
Image received as raw content
extract visual kw result received: ["* Lila's expression (curiosity", 'excitement)\n* Old book (cover design', 'thickness', "age signs)\n* Book's opening pages (content", 'illustrations']
analyze result received: positive. the sentence suggests curiosity and exploration, which are generally positive emotions.
Image received as raw content
extract visual kw result received: ['kind-faced stranger', 'arrival', 'disrupting', 'stillness.']
analyze result received: neutral. the sentence does not express a clear positive or negative emotion. it simply describes an event.
Image received as raw content
extract visual kw result received: ['Lila', 'Stranger', 'Expression (speechless)', 'Proximity (momentarily close)']
analyze result received: neutral
Image received as raw content
Error generating text: 402 Client Error: Payment Required for url: https://router.huggingface.co/v1/chat/completions
extract visual kw result received: ['Error: 402 Client Error: Payment Required for url: https://router.huggingface.co/v1/chat/completions']
Error generating text: 402 Client Error: Payment Required for url: https://router.huggingface.co/v1/chat/completions
analyze result received: error: 402 client error: payment required for url: https://router.huggingface.co/v1/chat/completions
Error in image generation: 402 Client Error: Payment Required for url: https://router.huggingface.co/hf-inference/models/black-forest-labs/FLUX.1-dev
"POST / HTTP/1.1" 200 969981
Error generating text: 402 Client Error: Payment Required for url: https://router.huggingface.co/v1/chat/completions
summarize result received: Error: 402 Client Error: Payment Required for url: https://router.huggingface.co/v1/chat/completions
Error generating text: 402 Client Error: Payment Required for url: https://router.huggingface.co/v1/chat/completions
summarize result received: []
"POST / HTTP/1.1" 200 2782
"GET / HTTP/1.1" 200 2758
- Broken pipe from ('127.0.0.1', 64357)
"GET / HTTP/1.1" 200 2758
D:\RPG_8\Dars\Project\Code\history\context_processors.py changed, reloading.
Watching for file changes with StatReloader
D:\RPG_8\Dars\Project\Code\storyboard\utils.py changed, reloading.
Watching for file changes with StatReloader
D:\RPG_8\Dars\Project\Code\storyboard\utils.py changed, reloading.
Watching for file changes with StatReloader
Internal Server Error: /
Traceback (most recent call last):
  File "D:\Program Files\Python312\Lib\site-packages\django\urls\base.py", line 71, in reverse
    extra, resolver = resolver.namespace_dict[ns]
                      ~~~~~~~~~~~~~~~~~~~~~~~^^^^
KeyError: 'history'

During handling of the above exception, another exception occurred:

Traceback (most recent call last):
  File "D:\Program Files\Python312\Lib\site-packages\django\core\handlers\exception.py", line 55, in inner
    response = get_response(request)
               ^^^^^^^^^^^^^^^^^^^^^
  File "D:\Program Files\Python312\Lib\site-packages\django\core\handlers\base.py", line 197, in _get_response
    response = wrapped_callback(request, *callback_args, **callback_kwargs)
               ^^^^^^^^^^^^^^^^^^^^^^^^^^^^^^^^^^^^^^^^^^^^^^^^^^^^^^^^^^^^
  File "D:\RPG_8\Dars\Project\Code\storyboard\views.py", line 42, in index
    return render(request, 'storyboard/index.html', {
           ^^^^^^^^^^^^^^^^^^^^^^^^^^^^^^^^^^^^^^^^^^
  File "D:\Program Files\Python312\Lib\site-packages\django\shortcuts.py", line 25, in render
    content = loader.render_to_string(template_name, context, request, using=using)
              ^^^^^^^^^^^^^^^^^^^^^^^^^^^^^^^^^^^^^^^^^^^^^^^^^^^^^^^^^^^^^^^^^^^^^
  File "D:\Program Files\Python312\Lib\site-packages\django\template\loader.py", line 62, in render_to_string
    return template.render(context, request)
           ^^^^^^^^^^^^^^^^^^^^^^^^^^^^^^^^^
  File "D:\Program Files\Python312\Lib\site-packages\django\template\backends\django.py", line 107, in render
    return self.template.render(context)
           ^^^^^^^^^^^^^^^^^^^^^^^^^^^^^
  File "D:\Program Files\Python312\Lib\site-packages\django\template\base.py", line 171, in render
    return self._render(context)
           ^^^^^^^^^^^^^^^^^^^^^
  File "D:\Program Files\Python312\Lib\site-packages\django\template\base.py", line 163, in _render
    return self.nodelist.render(context)
           ^^^^^^^^^^^^^^^^^^^^^^^^^^^^^
  File "D:\Program Files\Python312\Lib\site-packages\django\template\base.py", line 1008, in render
    return SafeString("".join([node.render_annotated(context) for node in self]))
                               ^^^^^^^^^^^^^^^^^^^^^^^^^^^^^^
  File "D:\Program Files\Python312\Lib\site-packages\django\template\base.py", line 969, in render_annotated
    return self.render(context)
           ^^^^^^^^^^^^^^^^^^^^
  File "D:\Program Files\Python312\Lib\site-packages\django\template\loader_tags.py", line 159, in render
    return compiled_parent._render(context)
           ^^^^^^^^^^^^^^^^^^^^^^^^^^^^^^^^
  File "D:\Program Files\Python312\Lib\site-packages\django\template\base.py", line 163, in _render
    return self.nodelist.render(context)
           ^^^^^^^^^^^^^^^^^^^^^^^^^^^^^
  File "D:\Program Files\Python312\Lib\site-packages\django\template\base.py", line 1008, in render
    return SafeString("".join([node.render_annotated(context) for node in self]))
                               ^^^^^^^^^^^^^^^^^^^^^^^^^^^^^^
  File "D:\Program Files\Python312\Lib\site-packages\django\template\base.py", line 969, in render_annotated
    return self.render(context)
           ^^^^^^^^^^^^^^^^^^^^
  File "D:\Program Files\Python312\Lib\site-packages\django\template\defaulttags.py", line 243, in render
    nodelist.append(node.render_annotated(context))
                    ^^^^^^^^^^^^^^^^^^^^^^^^^^^^^^
  File "D:\Program Files\Python312\Lib\site-packages\django\template\base.py", line 969, in render_annotated
    return self.render(context)
           ^^^^^^^^^^^^^^^^^^^^
  File "D:\Program Files\Python312\Lib\site-packages\django\template\defaulttags.py", line 480, in render
    url = reverse(view_name, args=args, kwargs=kwargs, current_app=current_app)
          ^^^^^^^^^^^^^^^^^^^^^^^^^^^^^^^^^^^^^^^^^^^^^^^^^^^^^^^^^^^^^^^^^^^^^
  File "D:\Program Files\Python312\Lib\site-packages\django\urls\base.py", line 82, in reverse
    raise NoReverseMatch("%s is not a registered namespace" % key)
django.urls.exceptions.NoReverseMatch: 'history' is not a registered namespace
"GET / HTTP/1.1" 500 155161
D:\RPG_8\Dars\Project\Code\project\urls.py changed, reloading.
Watching for file changes with StatReloader
D:\RPG_8\Dars\Project\Code\history\urls.py changed, reloading.
Watching for file changes with StatReloader
D:\RPG_8\Dars\Project\Code\project\urls.py changed, reloading.
Watching for file changes with StatReloader
D:\RPG_8\Dars\Project\Code\project\urls.py changed, reloading.
Watching for file changes with StatReloader
Internal Server Error: /
Traceback (most recent call last):
  File "D:\Program Files\Python312\Lib\site-packages\django\core\handlers\exception.py", line 55, in inner
    response = get_response(request)
               ^^^^^^^^^^^^^^^^^^^^^
  File "D:\Program Files\Python312\Lib\site-packages\django\core\handlers\base.py", line 197, in _get_response
    response = wrapped_callback(request, *callback_args, **callback_kwargs)
               ^^^^^^^^^^^^^^^^^^^^^^^^^^^^^^^^^^^^^^^^^^^^^^^^^^^^^^^^^^^^
  File "D:\RPG_8\Dars\Project\Code\storyboard\views.py", line 42, in index
    return render(request, 'storyboard/index.html', {
           ^^^^^^^^^^^^^^^^^^^^^^^^^^^^^^^^^^^^^^^^^^
  File "D:\Program Files\Python312\Lib\site-packages\django\shortcuts.py", line 25, in render
    content = loader.render_to_string(template_name, context, request, using=using)
              ^^^^^^^^^^^^^^^^^^^^^^^^^^^^^^^^^^^^^^^^^^^^^^^^^^^^^^^^^^^^^^^^^^^^^
  File "D:\Program Files\Python312\Lib\site-packages\django\template\loader.py", line 62, in render_to_string
    return template.render(context, request)
           ^^^^^^^^^^^^^^^^^^^^^^^^^^^^^^^^^
  File "D:\Program Files\Python312\Lib\site-packages\django\template\backends\django.py", line 107, in render
    return self.template.render(context)
           ^^^^^^^^^^^^^^^^^^^^^^^^^^^^^
  File "D:\Program Files\Python312\Lib\site-packages\django\template\base.py", line 171, in render
    return self._render(context)
           ^^^^^^^^^^^^^^^^^^^^^
  File "D:\Program Files\Python312\Lib\site-packages\django\template\base.py", line 163, in _render
    return self.nodelist.render(context)
           ^^^^^^^^^^^^^^^^^^^^^^^^^^^^^
  File "D:\Program Files\Python312\Lib\site-packages\django\template\base.py", line 1008, in render
    return SafeString("".join([node.render_annotated(context) for node in self]))
                               ^^^^^^^^^^^^^^^^^^^^^^^^^^^^^^
  File "D:\Program Files\Python312\Lib\site-packages\django\template\base.py", line 969, in render_annotated
    return self.render(context)
           ^^^^^^^^^^^^^^^^^^^^
  File "D:\Program Files\Python312\Lib\site-packages\django\template\loader_tags.py", line 159, in render
    return compiled_parent._render(context)
           ^^^^^^^^^^^^^^^^^^^^^^^^^^^^^^^^
  File "D:\Program Files\Python312\Lib\site-packages\django\template\base.py", line 163, in _render
    return self.nodelist.render(context)
           ^^^^^^^^^^^^^^^^^^^^^^^^^^^^^
  File "D:\Program Files\Python312\Lib\site-packages\django\template\base.py", line 1008, in render
    return SafeString("".join([node.render_annotated(context) for node in self]))
                               ^^^^^^^^^^^^^^^^^^^^^^^^^^^^^^
  File "D:\Program Files\Python312\Lib\site-packages\django\template\base.py", line 969, in render_annotated
    return self.render(context)
           ^^^^^^^^^^^^^^^^^^^^
  File "D:\Program Files\Python312\Lib\site-packages\django\template\defaulttags.py", line 243, in render
    nodelist.append(node.render_annotated(context))
                    ^^^^^^^^^^^^^^^^^^^^^^^^^^^^^^
  File "D:\Program Files\Python312\Lib\site-packages\django\template\base.py", line 969, in render_annotated
    return self.render(context)
           ^^^^^^^^^^^^^^^^^^^^
  File "D:\Program Files\Python312\Lib\site-packages\django\template\defaulttags.py", line 480, in render
    url = reverse(view_name, args=args, kwargs=kwargs, current_app=current_app)
          ^^^^^^^^^^^^^^^^^^^^^^^^^^^^^^^^^^^^^^^^^^^^^^^^^^^^^^^^^^^^^^^^^^^^^
  File "D:\Program Files\Python312\Lib\site-packages\django\urls\base.py", line 88, in reverse
    return resolver._reverse_with_prefix(view, prefix, *args, **kwargs)
           ^^^^^^^^^^^^^^^^^^^^^^^^^^^^^^^^^^^^^^^^^^^^^^^^^^^^^^^^^^^^
  File "D:\Program Files\Python312\Lib\site-packages\django\urls\resolvers.py", line 831, in _reverse_with_prefix
    raise NoReverseMatch(msg)
django.urls.exceptions.NoReverseMatch: Reverse for 'detail' not found. 'detail' is not a valid view function or pattern name.
"GET / HTTP/1.1" 500 154052
Watching for file changes with StatReloader
"GET / HTTP/1.1" 200 3694
"GET /history/6/ HTTP/1.1" 200 969454
"GET / HTTP/1.1" 200 3694
Error generating text: HTTPSConnectionPool(host='router.huggingface.co', port=443): Max retries exceeded with url: /v1/chat/completions (Caused by NameResolutionError("<urllib3.connection.HTTPSConnection object at 0x0000028A011E7830>: Failed to resolve 'router.huggingface.co' ([Errno 11001] getaddrinfo failed)"))
summarize result received: Error: HTTPSConnectionPool(host='router.huggingface.co', port=443): Max retries exceeded with url: /v1/chat/completions (Caused by NameResolutionError("<urllib3.connection.HTTPSConnection object at 0x0000028A011E7830>: Failed to resolve 'router.huggingface.co' ([Errno 11001] getaddrinfo failed)"))
Error generating text: HTTPSConnectionPool(host='router.huggingface.co', port=443): Max retries exceeded with url: /v1/chat/completions (Caused by NameResolutionError("<urllib3.connection.HTTPSConnection object at 0x0000028A7FF1F950>: Failed to resolve 'router.huggingface.co' ([Errno 11001] getaddrinfo failed)"))
summarize result received: []
"POST / HTTP/1.1" 200 4220
Watching for file changes with StatReloader
"GET / HTTP/1.1" 200 3694
summarize result received: Michael and Frank enjoy a leisurely day at the lake, sitting on the dock and contemplating various activities such as walking, exploring, or fishing. Michael's dog Frank, with his nose alert, relaxes beside him. The peaceful atmosphere and possibilities for adventure make it a day worth cherishing, perfect for friends.
summarize result received: ["Michael and Frank sitting on the dock, discussing activities with relaxed expressions and Frank's alert nose.", 'Serene lake scene with sun reflecting off the water, Michael and Frank contemplating their options.', 'Michael and Frank looking out at the lake, considering various adventures such as walking, exploring, or fishing.']
extract visual kw result received: ['Dock', 'Michael (relaxed expression', 'seated position)', 'Frank (relaxed expression', 'alert nose']
analyze result received: positive
Image received as raw content
extract visual kw result received: ['Serene lake', 'Sun reflection on water', 'Michael (appearance unspecified)', 'Frank (appearance unspecified)', 'Contemplating (body language: deep in thought']
analyze result received: positive.
Image received as raw content
extract visual kw result received: ['Michael and Frank', 'two adults', 'seated on chairs or standing', 'looking out at a serene lake', 'reflection of sky and trees on water']
analyze result received: positive.
Image received as raw content
"POST / HTTP/1.1" 200 466879
"GET /history/4/ HTTP/1.1" 200 4122
"GET /history/3/ HTTP/1.1" 200 363612
"GET /history/1/ HTTP/1.1" 200 4889
"GET /history/2/ HTTP/1.1" 200 4353
"GET /history/3/ HTTP/1.1" 200 363612
"GET /history/4/ HTTP/1.1" 200 4122
"GET /history/4/ HTTP/1.1" 200 4122
"GET /history/6/ HTTP/1.1" 200 969623
